RunAll start
Running SonarLint...
INFO: Java 17.0.16 Microsoft (64-bit)
INFO: Mac OS X 14.3.1 aarch64
INFO: Standalone mode
INFO: Index files
INFO: 61 files indexed
SonarLint completed with exit code 1 (non-blocking).
Running Jobs tests...
...                                                                      [100%]
3 passed in 0.02s
Running API tests...
Creating test database for alias 'default' ('file:memorydb_default?mode=memory&cache=shared')...
Found 1 test(s).
Operations to perform:
  Synchronize unmigrated apps: API, messages, rest_framework, staticfiles
  Apply all migrations: admin, auth, contenttypes, django_models, sessions
Synchronizing apps without migrations:
  Creating tables...
    Running deferred SQL...
Running migrations:
  Applying contenttypes.0001_initial... OK
  Applying auth.0001_initial... OK
  Applying admin.0001_initial... OK
  Applying admin.0002_logentry_remove_auto_add... OK
  Applying admin.0003_logentry_add_action_flag_choices... OK
  Applying contenttypes.0002_remove_content_type_name... OK
  Applying auth.0002_alter_permission_name_max_length... OK
  Applying auth.0003_alter_user_email_max_length... OK
  Applying auth.0004_alter_user_username_opts... OK
  Applying auth.0005_alter_user_last_login_null... OK
  Applying auth.0006_require_contenttypes_0002... OK
  Applying auth.0007_alter_validators_add_error_messages... OK
  Applying auth.0008_alter_user_username_max_length... OK
  Applying auth.0009_alter_user_last_name_max_length... OK
  Applying auth.0010_alter_group_name_max_length... OK
  Applying auth.0011_update_proxy_permissions... OK
  Applying auth.0012_alter_user_first_name_max_length... OK
  Applying django_models.0001_initial... OK
  Applying sessions.0001_initial...test_query_endpoint_returns_paths_and_cheapest (API.tests.test_query.QueryAPIViewTest.test_query_endpoint_returns_paths_and_cheapest) ... ok

----------------------------------------------------------------------
Ran 1 test in 0.003s

OK
Destroying test database for alias 'default' ('file:memorydb_default?mode=memory&cache=shared')...
 OK
System check identified no issues (0 silenced).
Running DatabaseModels tests...
System check identified no issues (0 silenced).
...                                                                      [100%]
3 passed in 0.01s
Running migrations for job...
Operations to perform:
  Apply all migrations: admin, auth, contenttypes, django_models, sessions
Running migrations:
  Applying contenttypes.0001_initial... OK
  Applying auth.0001_initial... OK
  Applying admin.0001_initial... OK
  Applying admin.0002_logentry_remove_auto_add... OK
  Applying admin.0003_logentry_add_action_flag_choices... OK
  Applying contenttypes.0002_remove_content_type_name... OK
  Applying auth.0002_alter_permission_name_max_length... OK
  Applying auth.0003_alter_user_email_max_length... OK
  Applying auth.0004_alter_user_username_opts... OK
  Applying auth.0005_alter_user_last_login_null... OK
  Applying auth.0006_require_contenttypes_0002... OK
  Applying auth.0007_alter_validators_add_error_messages... OK
  Applying auth.0008_alter_user_username_max_length... OK
  Applying auth.0009_alter_user_last_name_max_length... OK
  Applying auth.0010_alter_group_name_max_length... OK
  Applying auth.0011_update_proxy_permissions... OK
  Applying auth.0012_alter_user_first_name_max_length... OK
  Applying django_models.0001_initial... OK
  Applying sessions.0001_initial... OK
Running graph import job...
Loaded graph 'g0' with 4 node(s) and 5 edge(s).
RunAll finished
